<?xml version="1.0" encoding="UTF-8"?>
<testsuite xmlns:xsi="http://www.w3.org/2001/XMLSchema-instance" xsi:noNamespaceSchemaLocation="https://maven.apache.org/surefire/maven-surefire-plugin/xsd/surefire-test-report-3.0.xsd" version="3.0" name="com.assignment.loadbalancer.LoadbalancerApplicationTests" time="1.969" tests="1" errors="0" skipped="0" failures="0">
  <properties>
[...]
</properties>
  <testcase name="contextLoads" classname="com.assignment.loadbalancer.LoadbalancerApplicationTests" time="0.425">
    <system-out><![CDATA[00:47:51.761 [main] INFO org.springframework.test.context.support.AnnotationConfigContextLoaderUtils -- Could not detect default configuration classes for test class [com.assignment.loadbalancer.LoadbalancerApplicationTests]: LoadbalancerApplicationTests does not declare any static, non-private, non-final, nested classes annotated with @Configuration.
00:47:51.802 [main] INFO org.springframework.boot.test.context.SpringBootTestContextBootstrapper -- Found @SpringBootConfiguration com.assignment.loadbalancer.LoadbalancerApplication for test class com.assignment.loadbalancer.LoadbalancerApplicationTests
00:47:51.863 [main] INFO org.springframework.boot.devtools.restart.RestartApplicationListener -- Restart disabled due to context in which it is running

  .   ____          _            __ _ _
 /\\ / ___'_ __ _ _(_)_ __  __ _ \ \ \ \
( ( )\___ | '_ | '_| | '_ \/ _` | \ \ \ \
 \\/  ___)| |_)| | | | | || (_| |  ) ) ) )
  '  |____| .__|_| |_|_| |_\__, | / / / /
 =========|_|==============|___/=/_/_/_/

 :: Spring Boot ::                (v3.3.5)

2024-11-22T00:47:51.986+05:30  INFO 56537 --- [load-balancer-service] [           main] c.a.l.LoadbalancerApplicationTests       : Starting LoadbalancerApplicationTests using Java 21.0.5 with PID 56537 (started by madan.l in /Users/madan.l/Personal/Liftlab/load-balancer-service)
2024-11-22T00:47:51.986+05:30  INFO 56537 --- [load-balancer-service] [           main] c.a.l.LoadbalancerApplicationTests       : No active profile set, falling back to 1 default profile: "default"
2024-11-22T00:47:52.408+05:30  INFO 56537 --- [load-balancer-service] [           main] o.s.cloud.context.scope.GenericScope     : BeanFactory id=b0b51a15-238c-3925-8592-7bc4c412871e
2024-11-22T00:47:52.440+05:30  WARN 56537 --- [load-balancer-service] [           main] trationDelegate$BeanPostProcessorChecker : Bean 'org.springframework.cloud.client.loadbalancer.LoadBalancerAutoConfiguration$DeferringLoadBalancerInterceptorConfig' of type [org.springframework.cloud.client.loadbalancer.LoadBalancerAutoConfiguration$DeferringLoadBalancerInterceptorConfig] is not eligible for getting processed by all BeanPostProcessors (for example: not eligible for auto-proxying). The currently created BeanPostProcessor [lbRestClientPostProcessor] is declared through a non-static factory method on that class; consider declaring it as static instead.
2024-11-22T00:47:52.441+05:30  WARN 56537 --- [load-balancer-service] [           main] trationDelegate$BeanPostProcessorChecker : Bean 'deferringLoadBalancerInterceptor' of type [org.springframework.cloud.client.loadbalancer.DeferringLoadBalancerInterceptor] is not eligible for getting processed by all BeanPostProcessors (for example: not eligible for auto-proxying). Is this bean getting eagerly injected/applied to a currently created BeanPostProcessor [lbRestClientPostProcessor]? Check the corresponding BeanPostProcessor declaration and its dependencies/advisors. If this bean does not have to be post-processed, declare it with ROLE_INFRASTRUCTURE.
2024-11-22T00:47:52.883+05:30  WARN 56537 --- [load-balancer-service] [           main] iguration$LoadBalancerCaffeineWarnLogger : Spring Cloud LoadBalancer is currently working with the default cache. While this cache implementation is useful for development and tests, it's recommended to use Caffeine cache in production.You can switch to using Caffeine cache, by adding it and org.springframework.cache.caffeine.CaffeineCacheManager to the classpath.
2024-11-22T00:47:52.980+05:30  INFO 56537 --- [load-balancer-service] [           main] o.s.c.n.eureka.InstanceInfoFactory       : Setting initial instance status as: STARTING
2024-11-22T00:47:52.987+05:30  INFO 56537 --- [load-balancer-service] [           main] com.netflix.discovery.DiscoveryClient    : Initializing Eureka in region us-east-1
2024-11-22T00:47:52.987+05:30  INFO 56537 --- [load-balancer-service] [           main] com.netflix.discovery.DiscoveryClient    : Client configured to neither register nor query for data.
2024-11-22T00:47:52.988+05:30  INFO 56537 --- [load-balancer-service] [           main] com.netflix.discovery.DiscoveryClient    : Discovery Client initialized at timestamp 1732216672988 with initial instances count: 0
2024-11-22T00:47:53.004+05:30  INFO 56537 --- [load-balancer-service] [           main] c.n.eureka.DefaultEurekaServerContext    : Initializing ...
2024-11-22T00:47:53.004+05:30  INFO 56537 --- [load-balancer-service] [           main] c.n.eureka.cluster.PeerEurekaNodes       : Adding new peer nodes [http://localhost:8761/eureka/]
2024-11-22T00:47:53.082+05:30  INFO 56537 --- [load-balancer-service] [           main] c.n.d.provider.DiscoveryJerseyProvider   : Using JSON encoding codec LegacyJacksonJson
2024-11-22T00:47:53.083+05:30  INFO 56537 --- [load-balancer-service] [           main] c.n.d.provider.DiscoveryJerseyProvider   : Using JSON decoding codec LegacyJacksonJson
2024-11-22T00:47:53.083+05:30  INFO 56537 --- [load-balancer-service] [           main] c.n.d.provider.DiscoveryJerseyProvider   : Using XML encoding codec XStreamXml
2024-11-22T00:47:53.083+05:30  INFO 56537 --- [load-balancer-service] [           main] c.n.d.provider.DiscoveryJerseyProvider   : Using XML decoding codec XStreamXml
2024-11-22T00:47:53.116+05:30  INFO 56537 --- [load-balancer-service] [           main] c.n.eureka.cluster.PeerEurekaNodes       : Replica node URL:  http://localhost:8761/eureka/
2024-11-22T00:47:53.121+05:30  INFO 56537 --- [load-balancer-service] [           main] c.n.e.registry.AbstractInstanceRegistry  : Finished initializing remote region registries. All known remote regions: []
2024-11-22T00:47:53.121+05:30  INFO 56537 --- [load-balancer-service] [           main] c.n.eureka.DefaultEurekaServerContext    : Initialized
2024-11-22T00:47:53.160+05:30  INFO 56537 --- [load-balancer-service] [           main] o.s.b.a.e.web.EndpointLinksResolver      : Exposing 1 endpoint beneath base path '/actuator'
2024-11-22T00:47:53.181+05:30  INFO 56537 --- [load-balancer-service] [           main] o.s.c.n.e.s.EurekaServiceRegistry        : Registering application LOAD-BALANCER-SERVICE with eureka with status UP
2024-11-22T00:47:53.186+05:30  INFO 56537 --- [load-balancer-service] [      Thread-11] o.s.c.n.e.server.EurekaServerBootstrap   : isAws returned false
2024-11-22T00:47:53.186+05:30  INFO 56537 --- [load-balancer-service] [      Thread-11] o.s.c.n.e.server.EurekaServerBootstrap   : Initialized server context
2024-11-22T00:47:53.186+05:30  INFO 56537 --- [load-balancer-service] [      Thread-11] c.n.e.r.PeerAwareInstanceRegistryImpl    : Got 1 instances from neighboring DS node
2024-11-22T00:47:53.186+05:30  INFO 56537 --- [load-balancer-service] [      Thread-11] c.n.e.r.PeerAwareInstanceRegistryImpl    : Renew threshold is: 1
2024-11-22T00:47:53.187+05:30  INFO 56537 --- [load-balancer-service] [      Thread-11] c.n.e.r.PeerAwareInstanceRegistryImpl    : Changing status to UP
2024-11-22T00:47:53.187+05:30  INFO 56537 --- [load-balancer-service] [      Thread-11] e.s.EurekaServerInitializerConfiguration : Started Eureka Server
2024-11-22T00:47:53.194+05:30  INFO 56537 --- [load-balancer-service] [           main] c.a.l.LoadbalancerApplicationTests       : Started LoadbalancerApplicationTests in 1.336 seconds (process running for 1.717)
]]></system-out>
    <system-err><![CDATA[WARNING: A Java agent has been loaded dynamically (/Users/madan.l/.m2/repository/net/bytebuddy/byte-buddy-agent/1.14.19/byte-buddy-agent-1.14.19.jar)
WARNING: If a serviceability tool is in use, please run with -XX:+EnableDynamicAgentLoading to hide this warning
WARNING: If a serviceability tool is not in use, please run with -Djdk.instrument.traceUsage for more information
WARNING: Dynamic loading of agents will be disallowed by default in a future release
]]></system-err>
  </testcase>
</testsuite>